[debug] [2023-03-30T00:27:22.896Z] ----------------------------------------------------------------------
[debug] [2023-03-30T00:27:22.898Z] Command:       C:\Program Files\nodejs\node.exe C:\Users\jseny\AppData\Roaming\npm\node_modules\firebase-tools\lib\bin\firebase.js emulators:start --only functions
[debug] [2023-03-30T00:27:22.899Z] CLI Version:   11.24.1
[debug] [2023-03-30T00:27:22.899Z] Platform:      win32
[debug] [2023-03-30T00:27:22.899Z] Node Version:  v18.14.2
[debug] [2023-03-30T00:27:22.900Z] Time:          Wed Mar 29 2023 20:27:22 GMT-0400 (Eastern Daylight Time)
[debug] [2023-03-30T00:27:22.900Z] ----------------------------------------------------------------------
[debug] 
[debug] [2023-03-30T00:27:23.025Z] > command requires scopes: ["email","openid","https://www.googleapis.com/auth/cloudplatformprojects.readonly","https://www.googleapis.com/auth/firebase","https://www.googleapis.com/auth/cloud-platform"]
[debug] [2023-03-30T00:27:23.026Z] > authorizing via signed-in user (jakobsenyko@gmail.com)
[info] i  emulators: Starting emulators: functions {"metadata":{"emulator":{"name":"hub"},"message":"Starting emulators: functions"}}
[debug] [2023-03-30T00:27:23.038Z] [logging] Logging Emulator only supports listening on one address (127.0.0.1). Not listening on ::1
[debug] [2023-03-30T00:27:23.038Z] assigned listening specs for emulators {"user":{"hub":[{"address":"127.0.0.1","family":"IPv4","port":4400},{"address":"::1","family":"IPv6","port":4400}],"ui":[{"address":"127.0.0.1","family":"IPv4","port":4000},{"address":"::1","family":"IPv6","port":4000}],"logging":[{"address":"127.0.0.1","family":"IPv4","port":4500}]},"metadata":{"message":"assigned listening specs for emulators"}}
[debug] [2023-03-30T00:27:23.056Z] [hub] writing locator at C:\Users\jseny\AppData\Local\Temp\hub-shakeemup-c22e5.json
[debug] [2023-03-30T00:27:23.096Z] [functions] Functions Emulator only supports listening on one address (127.0.0.1). Not listening on ::1
[debug] [2023-03-30T00:27:23.096Z] [eventarc] Eventarc Emulator only supports listening on one address (127.0.0.1). Not listening on ::1
[debug] [2023-03-30T00:27:23.097Z] late-assigned ports for functions and eventarc emulators {"user":{"hub":[{"address":"127.0.0.1","family":"IPv4","port":4400},{"address":"::1","family":"IPv6","port":4400}],"ui":[{"address":"127.0.0.1","family":"IPv4","port":4000},{"address":"::1","family":"IPv6","port":4000}],"logging":[{"address":"127.0.0.1","family":"IPv4","port":4500}],"functions":[{"address":"127.0.0.1","family":"IPv4","port":5001}],"eventarc":[{"address":"127.0.0.1","family":"IPv4","port":9299}]},"metadata":{"message":"late-assigned ports for functions and eventarc emulators"}}
[warn] !  functions: The following emulators are not running, calls to these services from the Functions emulator will affect production: auth, firestore, database, hosting, pubsub, storage {"metadata":{"emulator":{"name":"functions"},"message":"The following emulators are not running, calls to these services from the Functions emulator will affect production: \u001b[1mauth, firestore, database, hosting, pubsub, storage\u001b[22m"}}
[debug] [2023-03-30T00:27:23.107Z] defaultcredentials: writing to file C:\Users\jseny\AppData\Roaming\firebase\jakobsenyko_gmail_com_application_default_credentials.json
[debug] [2023-03-30T00:27:23.130Z] Setting GAC to C:\Users\jseny\AppData\Roaming\firebase\jakobsenyko_gmail_com_application_default_credentials.json {"metadata":{"emulator":{"name":"functions"},"message":"Setting GAC to C:\\Users\\jseny\\AppData\\Roaming\\firebase\\jakobsenyko_gmail_com_application_default_credentials.json"}}
[debug] [2023-03-30T00:27:23.133Z] >>> [apiv2][query] GET https://firebase.googleapis.com/v1beta1/projects/shakeemup-c22e5/adminSdkConfig [none]
[debug] [2023-03-30T00:27:23.434Z] <<< [apiv2][status] GET https://firebase.googleapis.com/v1beta1/projects/shakeemup-c22e5/adminSdkConfig 403
[debug] [2023-03-30T00:27:23.434Z] <<< [apiv2][body] GET https://firebase.googleapis.com/v1beta1/projects/shakeemup-c22e5/adminSdkConfig {"error":{"code":403,"message":"The caller does not have permission","status":"PERMISSION_DENIED"}}
[debug] [2023-03-30T00:27:23.435Z] Failed to get Admin SDK config for shakeemup-c22e5, falling back to cacheFailed to get Admin SDK for Firebase project shakeemup-c22e5. Please make sure the project exists and your account has permission to access it. {"name":"FirebaseError","children":[],"exit":2,"message":"Failed to get Admin SDK for Firebase project shakeemup-c22e5. Please make sure the project exists and your account has permission to access it.","original":{"name":"FirebaseError","children":[],"context":{"body":{"error":{"code":403,"message":"The caller does not have permission","status":"PERMISSION_DENIED"}},"response":{"statusCode":403}},"exit":1,"message":"HTTP Error: 403, The caller does not have permission","status":403},"status":500}
[warn] !  functions: Unable to fetch project Admin SDK configuration, Admin SDK behavior in Cloud Functions emulator may be incorrect. {"metadata":{"emulator":{"name":"functions"},"message":"Unable to fetch project Admin SDK configuration, Admin SDK behavior in Cloud Functions emulator may be incorrect."}}
[debug] [2023-03-30T00:27:23.464Z] Ignoring unsupported arg: auto_download {"metadata":{"emulator":{"name":"ui"},"message":"Ignoring unsupported arg: auto_download"}}
[debug] [2023-03-30T00:27:23.465Z] Ignoring unsupported arg: port {"metadata":{"emulator":{"name":"ui"},"message":"Ignoring unsupported arg: port"}}
[debug] [2023-03-30T00:27:23.465Z] Starting Emulator UI with command {"binary":"node","args":["C:\\Users\\jseny\\.cache\\firebase\\emulators\\ui-v1.11.4\\server\\server.js"],"optionalArgs":[],"joinArgs":false} {"metadata":{"emulator":{"name":"ui"},"message":"Starting Emulator UI with command {\"binary\":\"node\",\"args\":[\"C:\\\\Users\\\\jseny\\\\.cache\\\\firebase\\\\emulators\\\\ui-v1.11.4\\\\server\\\\server.js\"],\"optionalArgs\":[],\"joinArgs\":false}"}}
[info] i  ui: Emulator UI logging to ui-debug.log {"metadata":{"emulator":{"name":"ui"},"message":"Emulator UI logging to \u001b[1mui-debug.log\u001b[22m"}}
[debug] [2023-03-30T00:27:23.650Z] Web / API server started at 127.0.0.1:4000
 {"metadata":{"emulator":{"name":"ui"},"message":"Web / API server started at 127.0.0.1:4000\n"}}
[debug] [2023-03-30T00:27:23.651Z] Web / API server started at ::1:4000
 {"metadata":{"emulator":{"name":"ui"},"message":"Web / API server started at ::1:4000\n"}}
[info] i  functions: Watching "C:\Users\jseny\GrandCircusCoding\Final-Project\ShakeEmUp-BackEnd\functions" for Cloud Functions... {"metadata":{"emulator":{"name":"functions"},"message":"Watching \"C:\\Users\\jseny\\GrandCircusCoding\\Final-Project\\ShakeEmUp-BackEnd\\functions\" for Cloud Functions..."}}
[debug] [2023-03-30T00:27:23.750Z] Validating nodejs source
[debug] [2023-03-30T00:27:25.887Z] > [functions] package.json contents: {
  "name": "functions",
  "scripts": {
    "build": "tsc",
    "build:watch": "tsc --watch",
    "serve": "npm run build && firebase emulators:start --only functions",
    "shell": "npm run build && firebase functions:shell",
    "start": "npm run shell",
    "deploy": "firebase deploy --only functions",
    "logs": "firebase functions:log",
    "serve:dev": "concurrently \"tsc --watch\" \"firebase emulators:start --only functions\""
  },
  "engines": {
    "node": "16"
  },
  "main": "lib/index.js",
  "dependencies": {
    "@types/cors": "^2.8.13",
    "@types/express": "^4.17.17",
    "axios": "^1.3.4",
    "cors": "^2.8.5",
    "express": "^4.18.2",
    "firebase-admin": "^11.5.0",
    "firebase-functions": "^4.2.0",
    "mongodb": "^5.1.0"
  },
  "devDependencies": {
    "concurrently": "^8.0.1",
    "firebase-functions-test": "^3.0.0",
    "typescript": "^4.9.0"
  },
  "private": true
}
[debug] [2023-03-30T00:27:25.888Z] Building nodejs source
[debug] [2023-03-30T00:27:25.888Z] Failed to find version of module node: reached end of search path C:\Users\jseny\GrandCircusCoding\Final-Project\ShakeEmUp-BackEnd\functions\node_modules
[warn] !  functions: Your requested "node" version "16" doesn't match your global version "18". Using node@18 from host. 
[debug] [2023-03-30T00:27:25.890Z] Could not find functions.yaml. Must use http discovery
[debug] [2023-03-30T00:27:25.897Z] Found firebase-functions binary at 'C:\Users\jseny\GrandCircusCoding\Final-Project\ShakeEmUp-BackEnd\functions\node_modules\.bin\firebase-functions'
[debug] [2023-03-30T00:27:26.183Z] Serving at port 8796

[debug] [2023-03-30T00:27:26.635Z] Got response from /__/functions.yaml {"endpoints":{"api":{"platform":"gcfv1","availableMemoryMb":null,"timeoutSeconds":null,"minInstances":null,"maxInstances":null,"ingressSettings":null,"serviceAccountEmail":null,"vpc":null,"httpsTrigger":{},"entryPoint":"api"}},"specVersion":"v1alpha1","requiredAPIs":[]}
[debug] [2023-03-30T00:27:26.645Z] shutdown requested via /__/quitquitquit

[info] +  functions: Loaded functions definitions from source: api. {"metadata":{"emulator":{"name":"functions"},"message":"Loaded functions definitions from source: api."}}
[info] +  functions[us-central1-api]: http function initialized (http://127.0.0.1:5001/shakeemup-c22e5/us-central1/api). {"metadata":{"emulator":{"name":"functions"},"message":"\u001b[1mhttp\u001b[22m function initialized (http://127.0.0.1:5001/shakeemup-c22e5/us-central1/api)."}}
[info] 
┌─────────────────────────────────────────────────────────────┐
│ ✔  All emulators ready! It is now safe to connect your app. │
│ i  View Emulator UI at http://127.0.0.1:4000/               │
└─────────────────────────────────────────────────────────────┘

┌───────────┬────────────────┬─────────────────────────────────┐
│ Emulator  │ Host:Port      │ View in Emulator UI             │
├───────────┼────────────────┼─────────────────────────────────┤
│ Functions │ 127.0.0.1:5001 │ http://127.0.0.1:4000/functions │
└───────────┴────────────────┴─────────────────────────────────┘
  Emulator Hub running at 127.0.0.1:4400
  Other reserved ports: 4500

Issues? Report them at https://github.com/firebase/firebase-tools/issues and attach the *-debug.log files.
 
[debug] [2023-03-30T00:27:28.029Z] File C:\Users\jseny\GrandCircusCoding\Final-Project\ShakeEmUp-BackEnd\functions\lib\routes\db.js.map changed, reloading triggers {"metadata":{"emulator":{"name":"functions"},"message":"File C:\\Users\\jseny\\GrandCircusCoding\\Final-Project\\ShakeEmUp-BackEnd\\functions\\lib\\routes\\db.js.map changed, reloading triggers"}}
[debug] [2023-03-30T00:27:28.031Z] File C:\Users\jseny\GrandCircusCoding\Final-Project\ShakeEmUp-BackEnd\functions\lib\routes\db.js changed, reloading triggers {"metadata":{"emulator":{"name":"functions"},"message":"File C:\\Users\\jseny\\GrandCircusCoding\\Final-Project\\ShakeEmUp-BackEnd\\functions\\lib\\routes\\db.js changed, reloading triggers"}}
[debug] [2023-03-30T00:27:28.033Z] File C:\Users\jseny\GrandCircusCoding\Final-Project\ShakeEmUp-BackEnd\functions\lib\models\UserDrinkModel.js.map changed, reloading triggers {"metadata":{"emulator":{"name":"functions"},"message":"File C:\\Users\\jseny\\GrandCircusCoding\\Final-Project\\ShakeEmUp-BackEnd\\functions\\lib\\models\\UserDrinkModel.js.map changed, reloading triggers"}}
[debug] [2023-03-30T00:27:28.035Z] File C:\Users\jseny\GrandCircusCoding\Final-Project\ShakeEmUp-BackEnd\functions\lib\models\UserDrinkModel.js changed, reloading triggers {"metadata":{"emulator":{"name":"functions"},"message":"File C:\\Users\\jseny\\GrandCircusCoding\\Final-Project\\ShakeEmUp-BackEnd\\functions\\lib\\models\\UserDrinkModel.js changed, reloading triggers"}}
[debug] [2023-03-30T00:27:28.050Z] File C:\Users\jseny\GrandCircusCoding\Final-Project\ShakeEmUp-BackEnd\functions\lib\routes\UserSubmittedDrinkRoutes.js.map changed, reloading triggers {"metadata":{"emulator":{"name":"functions"},"message":"File C:\\Users\\jseny\\GrandCircusCoding\\Final-Project\\ShakeEmUp-BackEnd\\functions\\lib\\routes\\UserSubmittedDrinkRoutes.js.map changed, reloading triggers"}}
[debug] [2023-03-30T00:27:28.050Z] File C:\Users\jseny\GrandCircusCoding\Final-Project\ShakeEmUp-BackEnd\functions\lib\routes\UserSubmittedDrinkRoutes.js changed, reloading triggers {"metadata":{"emulator":{"name":"functions"},"message":"File C:\\Users\\jseny\\GrandCircusCoding\\Final-Project\\ShakeEmUp-BackEnd\\functions\\lib\\routes\\UserSubmittedDrinkRoutes.js changed, reloading triggers"}}
[debug] [2023-03-30T00:27:28.053Z] File C:\Users\jseny\GrandCircusCoding\Final-Project\ShakeEmUp-BackEnd\functions\lib\index.js.map changed, reloading triggers {"metadata":{"emulator":{"name":"functions"},"message":"File C:\\Users\\jseny\\GrandCircusCoding\\Final-Project\\ShakeEmUp-BackEnd\\functions\\lib\\index.js.map changed, reloading triggers"}}
[debug] [2023-03-30T00:27:28.056Z] File C:\Users\jseny\GrandCircusCoding\Final-Project\ShakeEmUp-BackEnd\functions\lib\index.js changed, reloading triggers {"metadata":{"emulator":{"name":"functions"},"message":"File C:\\Users\\jseny\\GrandCircusCoding\\Final-Project\\ShakeEmUp-BackEnd\\functions\\lib\\index.js changed, reloading triggers"}}
[debug] [2023-03-30T00:27:28.057Z] File C:\Users\jseny\GrandCircusCoding\Final-Project\ShakeEmUp-BackEnd\functions\lib\models\DrinkModel.js.map changed, reloading triggers {"metadata":{"emulator":{"name":"functions"},"message":"File C:\\Users\\jseny\\GrandCircusCoding\\Final-Project\\ShakeEmUp-BackEnd\\functions\\lib\\models\\DrinkModel.js.map changed, reloading triggers"}}
[debug] [2023-03-30T00:27:28.058Z] File C:\Users\jseny\GrandCircusCoding\Final-Project\ShakeEmUp-BackEnd\functions\lib\models\DrinkModel.js changed, reloading triggers {"metadata":{"emulator":{"name":"functions"},"message":"File C:\\Users\\jseny\\GrandCircusCoding\\Final-Project\\ShakeEmUp-BackEnd\\functions\\lib\\models\\DrinkModel.js changed, reloading triggers"}}
[debug] [2023-03-30T00:27:28.063Z] File C:\Users\jseny\GrandCircusCoding\Final-Project\ShakeEmUp-BackEnd\functions\lib\services\DrinkService.js.map changed, reloading triggers {"metadata":{"emulator":{"name":"functions"},"message":"File C:\\Users\\jseny\\GrandCircusCoding\\Final-Project\\ShakeEmUp-BackEnd\\functions\\lib\\services\\DrinkService.js.map changed, reloading triggers"}}
[debug] [2023-03-30T00:27:28.063Z] File C:\Users\jseny\GrandCircusCoding\Final-Project\ShakeEmUp-BackEnd\functions\lib\services\DrinkService.js changed, reloading triggers {"metadata":{"emulator":{"name":"functions"},"message":"File C:\\Users\\jseny\\GrandCircusCoding\\Final-Project\\ShakeEmUp-BackEnd\\functions\\lib\\services\\DrinkService.js changed, reloading triggers"}}
[debug] [2023-03-30T00:27:29.078Z] Validating nodejs source
[debug] [2023-03-30T00:27:31.110Z] > [functions] package.json contents: {
  "name": "functions",
  "scripts": {
    "build": "tsc",
    "build:watch": "tsc --watch",
    "serve": "npm run build && firebase emulators:start --only functions",
    "shell": "npm run build && firebase functions:shell",
    "start": "npm run shell",
    "deploy": "firebase deploy --only functions",
    "logs": "firebase functions:log",
    "serve:dev": "concurrently \"tsc --watch\" \"firebase emulators:start --only functions\""
  },
  "engines": {
    "node": "16"
  },
  "main": "lib/index.js",
  "dependencies": {
    "@types/cors": "^2.8.13",
    "@types/express": "^4.17.17",
    "axios": "^1.3.4",
    "cors": "^2.8.5",
    "express": "^4.18.2",
    "firebase-admin": "^11.5.0",
    "firebase-functions": "^4.2.0",
    "mongodb": "^5.1.0"
  },
  "devDependencies": {
    "concurrently": "^8.0.1",
    "firebase-functions-test": "^3.0.0",
    "typescript": "^4.9.0"
  },
  "private": true
}
[debug] [2023-03-30T00:27:31.111Z] Building nodejs source
[debug] [2023-03-30T00:27:31.111Z] Failed to find version of module node: reached end of search path C:\Users\jseny\GrandCircusCoding\Final-Project\ShakeEmUp-BackEnd\functions\node_modules
[warn] !  functions: Your requested "node" version "16" doesn't match your global version "18". Using node@18 from host. 
[debug] [2023-03-30T00:27:31.113Z] Could not find functions.yaml. Must use http discovery
[debug] [2023-03-30T00:27:31.126Z] Found firebase-functions binary at 'C:\Users\jseny\GrandCircusCoding\Final-Project\ShakeEmUp-BackEnd\functions\node_modules\.bin\firebase-functions'
[debug] [2023-03-30T00:27:31.424Z] Serving at port 8862

[debug] [2023-03-30T00:27:32.018Z] Got response from /__/functions.yaml {"endpoints":{"api":{"platform":"gcfv1","availableMemoryMb":null,"timeoutSeconds":null,"minInstances":null,"maxInstances":null,"ingressSettings":null,"serviceAccountEmail":null,"vpc":null,"httpsTrigger":{},"entryPoint":"api"}},"specVersion":"v1alpha1","requiredAPIs":[]}
[debug] [2023-03-30T00:27:32.025Z] shutdown requested via /__/quitquitquit

[info] +  functions: Loaded functions definitions from source: api. {"metadata":{"emulator":{"name":"functions"},"message":"Loaded functions definitions from source: api."}}
[debug] [2023-03-30T00:27:40.239Z] [work-queue] {"queuedWork":["/shakeemup-c22e5/us-central1/api/userDrinks-2023-03-30T00:27:40.239Z"],"queueLength":1,"runningWork":[],"workRunningCount":0}
[debug] [2023-03-30T00:27:40.240Z] [work-queue] {"queuedWork":[],"queueLength":0,"runningWork":["/shakeemup-c22e5/us-central1/api/userDrinks-2023-03-30T00:27:40.239Z"],"workRunningCount":1}
[debug] [2023-03-30T00:27:40.241Z] Accepted request POST /shakeemup-c22e5/us-central1/api/userDrinks --> us-central1-api
[debug] [2023-03-30T00:27:40.247Z] [functions] Runtime ready! Sending request! {"metadata":{"emulator":{"name":"functions"},"message":"[functions] Runtime ready! Sending request!"}}
[debug] [2023-03-30T00:27:40.248Z] [functions] Got req.url=/shakeemup-c22e5/us-central1/api/userDrinks, mapping to path=/userDrinks {"metadata":{"emulator":{"name":"functions"},"message":"[functions] Got req.url=/shakeemup-c22e5/us-central1/api/userDrinks, mapping to path=/userDrinks"}}
[debug] [2023-03-30T00:27:40.258Z] [worker-pool] addWorker(us-central1-api) {"metadata":{"emulator":{"name":"functions"},"message":"[worker-pool] addWorker(us-central1-api)"}}
[debug] [2023-03-30T00:27:40.260Z] [worker-pool] Adding worker with key us-central1-api, total=1 {"metadata":{"emulator":{"name":"functions"},"message":"[worker-pool] Adding worker with key us-central1-api, total=1"}}
[debug] [2023-03-30T00:27:42.215Z] [runtime-status] [15424] Resolved module firebase-admin {"declared":true,"installed":true,"version":"11.5.0","resolution":"C:\\Users\\jseny\\GrandCircusCoding\\Final-Project\\ShakeEmUp-BackEnd\\functions\\node_modules\\firebase-admin\\lib\\index.js"} {"metadata":{"emulator":{"name":"functions"},"function":{"name":"us-central1-api"},"extension":{},"message":"[runtime-status] [15424] Resolved module firebase-admin {\"declared\":true,\"installed\":true,\"version\":\"11.5.0\",\"resolution\":\"C:\\\\Users\\\\jseny\\\\GrandCircusCoding\\\\Final-Project\\\\ShakeEmUp-BackEnd\\\\functions\\\\node_modules\\\\firebase-admin\\\\lib\\\\index.js\"}"}}
[debug] [2023-03-30T00:27:42.217Z] [runtime-status] [15424] Resolved module firebase-functions {"declared":true,"installed":true,"version":"4.2.1","resolution":"C:\\Users\\jseny\\GrandCircusCoding\\Final-Project\\ShakeEmUp-BackEnd\\functions\\node_modules\\firebase-functions\\lib\\v1\\index.js"} {"metadata":{"emulator":{"name":"functions"},"function":{"name":"us-central1-api"},"extension":{},"message":"[runtime-status] [15424] Resolved module firebase-functions {\"declared\":true,\"installed\":true,\"version\":\"4.2.1\",\"resolution\":\"C:\\\\Users\\\\jseny\\\\GrandCircusCoding\\\\Final-Project\\\\ShakeEmUp-BackEnd\\\\functions\\\\node_modules\\\\firebase-functions\\\\lib\\\\v1\\\\index.js\"}"}}
[debug] [2023-03-30T00:27:42.219Z] [runtime-status] [15424] Found local functions config: C:\Users\jseny\GrandCircusCoding\Final-Project\ShakeEmUp-BackEnd\functions/.runtimeconfig.json {"metadata":{"emulator":{"name":"functions"},"function":{"name":"us-central1-api"},"extension":{},"message":"[runtime-status] [15424] Found local functions config: C:\\Users\\jseny\\GrandCircusCoding\\Final-Project\\ShakeEmUp-BackEnd\\functions/.runtimeconfig.json"}}
[debug] [2023-03-30T00:27:42.220Z] [runtime-status] [15424] Outgoing network have been stubbed. [{"name":"http","status":"mocked"},{"name":"http","status":"mocked"},{"name":"https","status":"mocked"},{"name":"https","status":"mocked"},{"name":"net","status":"mocked"}] {"metadata":{"emulator":{"name":"functions"},"function":{"name":"us-central1-api"},"extension":{},"message":"[runtime-status] [15424] Outgoing network have been stubbed. [{\"name\":\"http\",\"status\":\"mocked\"},{\"name\":\"http\",\"status\":\"mocked\"},{\"name\":\"https\",\"status\":\"mocked\"},{\"name\":\"https\",\"status\":\"mocked\"},{\"name\":\"net\",\"status\":\"mocked\"}]"}}
[debug] [2023-03-30T00:27:42.221Z] [runtime-status] [15424] Resolved module firebase-functions {"declared":true,"installed":true,"version":"4.2.1","resolution":"C:\\Users\\jseny\\GrandCircusCoding\\Final-Project\\ShakeEmUp-BackEnd\\functions\\node_modules\\firebase-functions\\lib\\v1\\index.js"} {"metadata":{"emulator":{"name":"functions"},"function":{"name":"us-central1-api"},"extension":{},"message":"[runtime-status] [15424] Resolved module firebase-functions {\"declared\":true,\"installed\":true,\"version\":\"4.2.1\",\"resolution\":\"C:\\\\Users\\\\jseny\\\\GrandCircusCoding\\\\Final-Project\\\\ShakeEmUp-BackEnd\\\\functions\\\\node_modules\\\\firebase-functions\\\\lib\\\\v1\\\\index.js\"}"}}
[debug] [2023-03-30T00:27:42.562Z] [runtime-status] [15424] Checked functions.config() {"config":{"mongod":{"uri":"mongodb+srv://jsenyko:TreeTop33@cluster0.p9lorz8.mongodb.net/?retryWrites=true&w=majority"}}} {"metadata":{"emulator":{"name":"functions"},"function":{"name":"us-central1-api"},"extension":{},"message":"[runtime-status] [15424] Checked functions.config() {\"config\":{\"mongod\":{\"uri\":\"mongodb+srv://jsenyko:TreeTop33@cluster0.p9lorz8.mongodb.net/?retryWrites=true&w=majority\"}}}"}}
[debug] [2023-03-30T00:27:42.562Z] [runtime-status] [15424] firebase-functions has been stubbed. {"functionsResolution":{"declared":true,"installed":true,"version":"4.2.1","resolution":"C:\\Users\\jseny\\GrandCircusCoding\\Final-Project\\ShakeEmUp-BackEnd\\functions\\node_modules\\firebase-functions\\lib\\v1\\index.js"}} {"metadata":{"emulator":{"name":"functions"},"function":{"name":"us-central1-api"},"extension":{},"message":"[runtime-status] [15424] firebase-functions has been stubbed. {\"functionsResolution\":{\"declared\":true,\"installed\":true,\"version\":\"4.2.1\",\"resolution\":\"C:\\\\Users\\\\jseny\\\\GrandCircusCoding\\\\Final-Project\\\\ShakeEmUp-BackEnd\\\\functions\\\\node_modules\\\\firebase-functions\\\\lib\\\\v1\\\\index.js\"}}"}}
[debug] [2023-03-30T00:27:42.564Z] [runtime-status] [15424] Resolved module firebase-functions {"declared":true,"installed":true,"version":"4.2.1","resolution":"C:\\Users\\jseny\\GrandCircusCoding\\Final-Project\\ShakeEmUp-BackEnd\\functions\\node_modules\\firebase-functions\\lib\\v1\\index.js"} {"metadata":{"emulator":{"name":"functions"},"function":{"name":"us-central1-api"},"extension":{},"message":"[runtime-status] [15424] Resolved module firebase-functions {\"declared\":true,\"installed\":true,\"version\":\"4.2.1\",\"resolution\":\"C:\\\\Users\\\\jseny\\\\GrandCircusCoding\\\\Final-Project\\\\ShakeEmUp-BackEnd\\\\functions\\\\node_modules\\\\firebase-functions\\\\lib\\\\v1\\\\index.js\"}"}}
[debug] [2023-03-30T00:27:42.567Z] [runtime-status] [15424] Resolved module firebase-admin {"declared":true,"installed":true,"version":"11.5.0","resolution":"C:\\Users\\jseny\\GrandCircusCoding\\Final-Project\\ShakeEmUp-BackEnd\\functions\\node_modules\\firebase-admin\\lib\\index.js"} {"metadata":{"emulator":{"name":"functions"},"function":{"name":"us-central1-api"},"extension":{},"message":"[runtime-status] [15424] Resolved module firebase-admin {\"declared\":true,\"installed\":true,\"version\":\"11.5.0\",\"resolution\":\"C:\\\\Users\\\\jseny\\\\GrandCircusCoding\\\\Final-Project\\\\ShakeEmUp-BackEnd\\\\functions\\\\node_modules\\\\firebase-admin\\\\lib\\\\index.js\"}"}}
[debug] [2023-03-30T00:27:42.571Z] [runtime-status] [15424] Resolved module firebase-functions {"declared":true,"installed":true,"version":"4.2.1","resolution":"C:\\Users\\jseny\\GrandCircusCoding\\Final-Project\\ShakeEmUp-BackEnd\\functions\\node_modules\\firebase-functions\\lib\\v1\\index.js"} {"metadata":{"emulator":{"name":"functions"},"function":{"name":"us-central1-api"},"extension":{},"message":"[runtime-status] [15424] Resolved module firebase-functions {\"declared\":true,\"installed\":true,\"version\":\"4.2.1\",\"resolution\":\"C:\\\\Users\\\\jseny\\\\GrandCircusCoding\\\\Final-Project\\\\ShakeEmUp-BackEnd\\\\functions\\\\node_modules\\\\firebase-functions\\\\lib\\\\v1\\\\index.js\"}"}}
[debug] [2023-03-30T00:27:42.571Z] [runtime-status] [15424] firebase-admin has been stubbed. {"adminResolution":{"declared":true,"installed":true,"version":"11.5.0","resolution":"C:\\Users\\jseny\\GrandCircusCoding\\Final-Project\\ShakeEmUp-BackEnd\\functions\\node_modules\\firebase-admin\\lib\\index.js"}} {"metadata":{"emulator":{"name":"functions"},"function":{"name":"us-central1-api"},"extension":{},"message":"[runtime-status] [15424] firebase-admin has been stubbed. {\"adminResolution\":{\"declared\":true,\"installed\":true,\"version\":\"11.5.0\",\"resolution\":\"C:\\\\Users\\\\jseny\\\\GrandCircusCoding\\\\Final-Project\\\\ShakeEmUp-BackEnd\\\\functions\\\\node_modules\\\\firebase-admin\\\\lib\\\\index.js\"}}"}}
[debug] [2023-03-30T00:27:42.911Z] [runtime-status] [15424] Functions runtime initialized. {"cwd":"C:\\Users\\jseny\\GrandCircusCoding\\Final-Project\\ShakeEmUp-BackEnd\\functions","node_version":"18.14.2"} {"metadata":{"emulator":{"name":"functions"},"function":{"name":"us-central1-api"},"extension":{},"message":"[runtime-status] [15424] Functions runtime initialized. {\"cwd\":\"C:\\\\Users\\\\jseny\\\\GrandCircusCoding\\\\Final-Project\\\\ShakeEmUp-BackEnd\\\\functions\",\"node_version\":\"18.14.2\"}"}}
[debug] [2023-03-30T00:27:42.911Z] [runtime-status] [15424] Listening to port: \\?\pipe\fire_emu_e0035d21c55f37c6 {"metadata":{"emulator":{"name":"functions"},"function":{"name":"us-central1-api"},"extension":{},"message":"[runtime-status] [15424] Listening to port: \\\\?\\pipe\\fire_emu_e0035d21c55f37c6"}}
[debug] [2023-03-30T00:27:43.001Z] [worker-us-central1-api-ebfad89f-a461-485e-b53b-d3a3ef603fe9]: IDLE {"metadata":{"emulator":{"name":"functions"},"function":{"name":"us-central1-api"},"extension":{},"message":"[worker-us-central1-api-ebfad89f-a461-485e-b53b-d3a3ef603fe9]: IDLE"}}
[debug] [2023-03-30T00:27:43.002Z] [worker-pool] submitRequest(triggerId=us-central1-api) {"metadata":{"emulator":{"name":"functions"},"message":"[worker-pool] submitRequest(triggerId=us-central1-api)"}}
[info] i  functions: Beginning execution of "us-central1-api" {"metadata":{"emulator":{"name":"functions"},"function":{"name":"us-central1-api"},"extension":{},"message":"Beginning execution of \"us-central1-api\""}}
[debug] [2023-03-30T00:27:43.004Z] [worker-us-central1-api-ebfad89f-a461-485e-b53b-d3a3ef603fe9]: BUSY {"metadata":{"emulator":{"name":"functions"},"function":{"name":"us-central1-api"},"extension":{},"message":"[worker-us-central1-api-ebfad89f-a461-485e-b53b-d3a3ef603fe9]: BUSY"}}
[info] i  functions: Finished "us-central1-api" in 1118.8213ms {"metadata":{"emulator":{"name":"functions"},"function":{"name":"us-central1-api"},"extension":{},"message":"Finished \"us-central1-api\" in 1118.8213ms"}}
[debug] [2023-03-30T00:27:44.124Z] [worker-us-central1-api-ebfad89f-a461-485e-b53b-d3a3ef603fe9]: IDLE {"metadata":{"emulator":{"name":"functions"},"function":{"name":"us-central1-api"},"extension":{},"message":"[worker-us-central1-api-ebfad89f-a461-485e-b53b-d3a3ef603fe9]: IDLE"}}
[debug] [2023-03-30T00:27:44.124Z] [work-queue] {"queuedWork":[],"queueLength":0,"runningWork":[],"workRunningCount":0}
[debug] [2023-03-30T00:27:56.231Z] [work-queue] {"queuedWork":["/shakeemup-c22e5/us-central1/api/userDrinks-2023-03-30T00:27:56.230Z"],"queueLength":1,"runningWork":[],"workRunningCount":0}
[debug] [2023-03-30T00:27:56.231Z] [work-queue] {"queuedWork":[],"queueLength":0,"runningWork":["/shakeemup-c22e5/us-central1/api/userDrinks-2023-03-30T00:27:56.230Z"],"workRunningCount":1}
[debug] [2023-03-30T00:27:56.231Z] Accepted request GET /shakeemup-c22e5/us-central1/api/userDrinks --> us-central1-api
[debug] [2023-03-30T00:27:56.237Z] [functions] Runtime ready! Sending request! {"metadata":{"emulator":{"name":"functions"},"message":"[functions] Runtime ready! Sending request!"}}
[debug] [2023-03-30T00:27:56.237Z] [functions] Got req.url=/shakeemup-c22e5/us-central1/api/userDrinks, mapping to path=/userDrinks {"metadata":{"emulator":{"name":"functions"},"message":"[functions] Got req.url=/shakeemup-c22e5/us-central1/api/userDrinks, mapping to path=/userDrinks"}}
[debug] [2023-03-30T00:27:56.237Z] [worker-pool] submitRequest(triggerId=us-central1-api) {"metadata":{"emulator":{"name":"functions"},"message":"[worker-pool] submitRequest(triggerId=us-central1-api)"}}
[info] i  functions: Beginning execution of "us-central1-api" {"metadata":{"emulator":{"name":"functions"},"function":{"name":"us-central1-api"},"extension":{},"message":"Beginning execution of \"us-central1-api\""}}
[debug] [2023-03-30T00:27:56.237Z] [worker-us-central1-api-ebfad89f-a461-485e-b53b-d3a3ef603fe9]: BUSY {"metadata":{"emulator":{"name":"functions"},"function":{"name":"us-central1-api"},"extension":{},"message":"[worker-us-central1-api-ebfad89f-a461-485e-b53b-d3a3ef603fe9]: BUSY"}}
[info] i  functions: Finished "us-central1-api" in 49.8925ms {"metadata":{"emulator":{"name":"functions"},"function":{"name":"us-central1-api"},"extension":{},"message":"Finished \"us-central1-api\" in 49.8925ms"}}
[debug] [2023-03-30T00:27:56.288Z] [worker-us-central1-api-ebfad89f-a461-485e-b53b-d3a3ef603fe9]: IDLE {"metadata":{"emulator":{"name":"functions"},"function":{"name":"us-central1-api"},"extension":{},"message":"[worker-us-central1-api-ebfad89f-a461-485e-b53b-d3a3ef603fe9]: IDLE"}}
[debug] [2023-03-30T00:27:56.288Z] [work-queue] {"queuedWork":[],"queueLength":0,"runningWork":[],"workRunningCount":0}
[debug] [2023-03-30T00:28:30.045Z] [work-queue] {"queuedWork":["/shakeemup-c22e5/us-central1/api/userDrinks/6424d77f3cbbb2c5f27cc152-2023-03-30T00:28:30.045Z"],"queueLength":1,"runningWork":[],"workRunningCount":0}
[debug] [2023-03-30T00:28:30.046Z] [work-queue] {"queuedWork":[],"queueLength":0,"runningWork":["/shakeemup-c22e5/us-central1/api/userDrinks/6424d77f3cbbb2c5f27cc152-2023-03-30T00:28:30.045Z"],"workRunningCount":1}
[debug] [2023-03-30T00:28:30.047Z] Accepted request DELETE /shakeemup-c22e5/us-central1/api/userDrinks/6424d77f3cbbb2c5f27cc152 --> us-central1-api
[debug] [2023-03-30T00:28:30.054Z] [functions] Runtime ready! Sending request! {"metadata":{"emulator":{"name":"functions"},"message":"[functions] Runtime ready! Sending request!"}}
[debug] [2023-03-30T00:28:30.056Z] [functions] Got req.url=/shakeemup-c22e5/us-central1/api/userDrinks/6424d77f3cbbb2c5f27cc152, mapping to path=/userDrinks/6424d77f3cbbb2c5f27cc152 {"metadata":{"emulator":{"name":"functions"},"message":"[functions] Got req.url=/shakeemup-c22e5/us-central1/api/userDrinks/6424d77f3cbbb2c5f27cc152, mapping to path=/userDrinks/6424d77f3cbbb2c5f27cc152"}}
[debug] [2023-03-30T00:28:30.056Z] [worker-pool] submitRequest(triggerId=us-central1-api) {"metadata":{"emulator":{"name":"functions"},"message":"[worker-pool] submitRequest(triggerId=us-central1-api)"}}
[info] i  functions: Beginning execution of "us-central1-api" {"metadata":{"emulator":{"name":"functions"},"function":{"name":"us-central1-api"},"extension":{},"message":"Beginning execution of \"us-central1-api\""}}
[debug] [2023-03-30T00:28:30.057Z] [worker-us-central1-api-ebfad89f-a461-485e-b53b-d3a3ef603fe9]: BUSY {"metadata":{"emulator":{"name":"functions"},"function":{"name":"us-central1-api"},"extension":{},"message":"[worker-us-central1-api-ebfad89f-a461-485e-b53b-d3a3ef603fe9]: BUSY"}}
[info] i  functions: Finished "us-central1-api" in 67.1081ms {"metadata":{"emulator":{"name":"functions"},"function":{"name":"us-central1-api"},"extension":{},"message":"Finished \"us-central1-api\" in 67.1081ms"}}
[debug] [2023-03-30T00:28:30.125Z] [worker-us-central1-api-ebfad89f-a461-485e-b53b-d3a3ef603fe9]: IDLE {"metadata":{"emulator":{"name":"functions"},"function":{"name":"us-central1-api"},"extension":{},"message":"[worker-us-central1-api-ebfad89f-a461-485e-b53b-d3a3ef603fe9]: IDLE"}}
[debug] [2023-03-30T00:28:30.127Z] [work-queue] {"queuedWork":[],"queueLength":0,"runningWork":[],"workRunningCount":0}
[debug] [2023-03-30T00:30:32.029Z] File C:\Users\jseny\GrandCircusCoding\Final-Project\ShakeEmUp-BackEnd\functions\src\routes\UserSubmittedDrinkRoutes.ts changed, reloading triggers {"metadata":{"emulator":{"name":"functions"},"message":"File C:\\Users\\jseny\\GrandCircusCoding\\Final-Project\\ShakeEmUp-BackEnd\\functions\\src\\routes\\UserSubmittedDrinkRoutes.ts changed, reloading triggers"}}
[debug] [2023-03-30T00:30:32.836Z] File C:\Users\jseny\GrandCircusCoding\Final-Project\ShakeEmUp-BackEnd\functions\lib\routes\UserSubmittedDrinkRoutes.js.map changed, reloading triggers {"metadata":{"emulator":{"name":"functions"},"message":"File C:\\Users\\jseny\\GrandCircusCoding\\Final-Project\\ShakeEmUp-BackEnd\\functions\\lib\\routes\\UserSubmittedDrinkRoutes.js.map changed, reloading triggers"}}
[debug] [2023-03-30T00:30:32.841Z] File C:\Users\jseny\GrandCircusCoding\Final-Project\ShakeEmUp-BackEnd\functions\lib\routes\UserSubmittedDrinkRoutes.js changed, reloading triggers {"metadata":{"emulator":{"name":"functions"},"message":"File C:\\Users\\jseny\\GrandCircusCoding\\Final-Project\\ShakeEmUp-BackEnd\\functions\\lib\\routes\\UserSubmittedDrinkRoutes.js changed, reloading triggers"}}
[debug] [2023-03-30T00:30:32.847Z] File C:\Users\jseny\GrandCircusCoding\Final-Project\ShakeEmUp-BackEnd\functions\lib\index.js.map changed, reloading triggers {"metadata":{"emulator":{"name":"functions"},"message":"File C:\\Users\\jseny\\GrandCircusCoding\\Final-Project\\ShakeEmUp-BackEnd\\functions\\lib\\index.js.map changed, reloading triggers"}}
[debug] [2023-03-30T00:30:32.850Z] File C:\Users\jseny\GrandCircusCoding\Final-Project\ShakeEmUp-BackEnd\functions\lib\index.js changed, reloading triggers {"metadata":{"emulator":{"name":"functions"},"message":"File C:\\Users\\jseny\\GrandCircusCoding\\Final-Project\\ShakeEmUp-BackEnd\\functions\\lib\\index.js changed, reloading triggers"}}
[debug] [2023-03-30T00:30:33.853Z] Validating nodejs source
[debug] [2023-03-30T00:30:36.489Z] > [functions] package.json contents: {
  "name": "functions",
  "scripts": {
    "build": "tsc",
    "build:watch": "tsc --watch",
    "serve": "npm run build && firebase emulators:start --only functions",
    "shell": "npm run build && firebase functions:shell",
    "start": "npm run shell",
    "deploy": "firebase deploy --only functions",
    "logs": "firebase functions:log",
    "serve:dev": "concurrently \"tsc --watch\" \"firebase emulators:start --only functions\""
  },
  "engines": {
    "node": "16"
  },
  "main": "lib/index.js",
  "dependencies": {
    "@types/cors": "^2.8.13",
    "@types/express": "^4.17.17",
    "axios": "^1.3.4",
    "cors": "^2.8.5",
    "express": "^4.18.2",
    "firebase-admin": "^11.5.0",
    "firebase-functions": "^4.2.0",
    "mongodb": "^5.1.0"
  },
  "devDependencies": {
    "concurrently": "^8.0.1",
    "firebase-functions-test": "^3.0.0",
    "typescript": "^4.9.0"
  },
  "private": true
}
[debug] [2023-03-30T00:30:36.489Z] Building nodejs source
[debug] [2023-03-30T00:30:36.489Z] Failed to find version of module node: reached end of search path C:\Users\jseny\GrandCircusCoding\Final-Project\ShakeEmUp-BackEnd\functions\node_modules
[warn] !  functions: Your requested "node" version "16" doesn't match your global version "18". Using node@18 from host. 
[debug] [2023-03-30T00:30:36.491Z] Could not find functions.yaml. Must use http discovery
[debug] [2023-03-30T00:30:36.497Z] Found firebase-functions binary at 'C:\Users\jseny\GrandCircusCoding\Final-Project\ShakeEmUp-BackEnd\functions\node_modules\.bin\firebase-functions'
[debug] [2023-03-30T00:30:36.784Z] Serving at port 8540

[debug] [2023-03-30T00:30:37.294Z] Got response from /__/functions.yaml {"endpoints":{"api":{"platform":"gcfv1","availableMemoryMb":null,"timeoutSeconds":null,"minInstances":null,"maxInstances":null,"ingressSettings":null,"serviceAccountEmail":null,"vpc":null,"httpsTrigger":{},"entryPoint":"api"}},"specVersion":"v1alpha1","requiredAPIs":[]}
[debug] [2023-03-30T00:30:37.300Z] shutdown requested via /__/quitquitquit

[info] +  functions: Loaded functions definitions from source: api. {"metadata":{"emulator":{"name":"functions"},"message":"Loaded functions definitions from source: api."}}
[debug] [2023-03-30T00:30:37.315Z] [worker-pool] Shutting down IDLE worker (us-central1-api) {"metadata":{"emulator":{"name":"functions"},"message":"[worker-pool] Shutting down IDLE worker (us-central1-api)"}}
[debug] [2023-03-30T00:30:37.315Z] [worker-us-central1-api-ebfad89f-a461-485e-b53b-d3a3ef603fe9]: FINISHING {"metadata":{"emulator":{"name":"functions"},"function":{"name":"us-central1-api"},"extension":{},"message":"[worker-us-central1-api-ebfad89f-a461-485e-b53b-d3a3ef603fe9]: FINISHING"}}
[debug] [2023-03-30T00:30:37.325Z] [worker-us-central1-api-ebfad89f-a461-485e-b53b-d3a3ef603fe9]: exited {"metadata":{"emulator":{"name":"functions"},"function":{"name":"us-central1-api"},"extension":{},"message":"[worker-us-central1-api-ebfad89f-a461-485e-b53b-d3a3ef603fe9]: exited"}}
[debug] [2023-03-30T00:30:37.326Z] [worker-us-central1-api-ebfad89f-a461-485e-b53b-d3a3ef603fe9]: FINISHED {"metadata":{"emulator":{"name":"functions"},"function":{"name":"us-central1-api"},"extension":{},"message":"[worker-us-central1-api-ebfad89f-a461-485e-b53b-d3a3ef603fe9]: FINISHED"}}
[debug] [2023-03-30T00:30:47.912Z] [work-queue] {"queuedWork":["/shakeemup-c22e5/us-central1/api/userDrinks/6424d77f3cbbb2c5f27cc152-2023-03-30T00:30:47.912Z"],"queueLength":1,"runningWork":[],"workRunningCount":0}
[debug] [2023-03-30T00:30:47.913Z] [work-queue] {"queuedWork":[],"queueLength":0,"runningWork":["/shakeemup-c22e5/us-central1/api/userDrinks/6424d77f3cbbb2c5f27cc152-2023-03-30T00:30:47.912Z"],"workRunningCount":1}
[debug] [2023-03-30T00:30:47.913Z] Accepted request DELETE /shakeemup-c22e5/us-central1/api/userDrinks/6424d77f3cbbb2c5f27cc152 --> us-central1-api
[debug] [2023-03-30T00:30:47.924Z] [functions] Runtime ready! Sending request! {"metadata":{"emulator":{"name":"functions"},"message":"[functions] Runtime ready! Sending request!"}}
[debug] [2023-03-30T00:30:47.924Z] [functions] Got req.url=/shakeemup-c22e5/us-central1/api/userDrinks/6424d77f3cbbb2c5f27cc152, mapping to path=/userDrinks/6424d77f3cbbb2c5f27cc152 {"metadata":{"emulator":{"name":"functions"},"message":"[functions] Got req.url=/shakeemup-c22e5/us-central1/api/userDrinks/6424d77f3cbbb2c5f27cc152, mapping to path=/userDrinks/6424d77f3cbbb2c5f27cc152"}}
[debug] [2023-03-30T00:30:47.925Z] [worker-pool] Cleaned up workers for us-central1-api: 1 --> 0 {"metadata":{"emulator":{"name":"functions"},"message":"[worker-pool] Cleaned up workers for us-central1-api: 1 --> 0"}}
[debug] [2023-03-30T00:30:47.942Z] [worker-pool] addWorker(us-central1-api) {"metadata":{"emulator":{"name":"functions"},"message":"[worker-pool] addWorker(us-central1-api)"}}
[debug] [2023-03-30T00:30:47.943Z] [worker-pool] Adding worker with key us-central1-api, total=1 {"metadata":{"emulator":{"name":"functions"},"message":"[worker-pool] Adding worker with key us-central1-api, total=1"}}
[debug] [2023-03-30T00:30:49.767Z] [runtime-status] [16756] Resolved module firebase-admin {"declared":true,"installed":true,"version":"11.5.0","resolution":"C:\\Users\\jseny\\GrandCircusCoding\\Final-Project\\ShakeEmUp-BackEnd\\functions\\node_modules\\firebase-admin\\lib\\index.js"} {"metadata":{"emulator":{"name":"functions"},"function":{"name":"us-central1-api"},"extension":{},"message":"[runtime-status] [16756] Resolved module firebase-admin {\"declared\":true,\"installed\":true,\"version\":\"11.5.0\",\"resolution\":\"C:\\\\Users\\\\jseny\\\\GrandCircusCoding\\\\Final-Project\\\\ShakeEmUp-BackEnd\\\\functions\\\\node_modules\\\\firebase-admin\\\\lib\\\\index.js\"}"}}
[debug] [2023-03-30T00:30:49.769Z] [runtime-status] [16756] Resolved module firebase-functions {"declared":true,"installed":true,"version":"4.2.1","resolution":"C:\\Users\\jseny\\GrandCircusCoding\\Final-Project\\ShakeEmUp-BackEnd\\functions\\node_modules\\firebase-functions\\lib\\v1\\index.js"} {"metadata":{"emulator":{"name":"functions"},"function":{"name":"us-central1-api"},"extension":{},"message":"[runtime-status] [16756] Resolved module firebase-functions {\"declared\":true,\"installed\":true,\"version\":\"4.2.1\",\"resolution\":\"C:\\\\Users\\\\jseny\\\\GrandCircusCoding\\\\Final-Project\\\\ShakeEmUp-BackEnd\\\\functions\\\\node_modules\\\\firebase-functions\\\\lib\\\\v1\\\\index.js\"}"}}
[debug] [2023-03-30T00:30:49.769Z] [runtime-status] [16756] Found local functions config: C:\Users\jseny\GrandCircusCoding\Final-Project\ShakeEmUp-BackEnd\functions/.runtimeconfig.json {"metadata":{"emulator":{"name":"functions"},"function":{"name":"us-central1-api"},"extension":{},"message":"[runtime-status] [16756] Found local functions config: C:\\Users\\jseny\\GrandCircusCoding\\Final-Project\\ShakeEmUp-BackEnd\\functions/.runtimeconfig.json"}}
[debug] [2023-03-30T00:30:49.770Z] [runtime-status] [16756] Outgoing network have been stubbed. [{"name":"http","status":"mocked"},{"name":"http","status":"mocked"},{"name":"https","status":"mocked"},{"name":"https","status":"mocked"},{"name":"net","status":"mocked"}] {"metadata":{"emulator":{"name":"functions"},"function":{"name":"us-central1-api"},"extension":{},"message":"[runtime-status] [16756] Outgoing network have been stubbed. [{\"name\":\"http\",\"status\":\"mocked\"},{\"name\":\"http\",\"status\":\"mocked\"},{\"name\":\"https\",\"status\":\"mocked\"},{\"name\":\"https\",\"status\":\"mocked\"},{\"name\":\"net\",\"status\":\"mocked\"}]"}}
[debug] [2023-03-30T00:30:49.771Z] [runtime-status] [16756] Resolved module firebase-functions {"declared":true,"installed":true,"version":"4.2.1","resolution":"C:\\Users\\jseny\\GrandCircusCoding\\Final-Project\\ShakeEmUp-BackEnd\\functions\\node_modules\\firebase-functions\\lib\\v1\\index.js"} {"metadata":{"emulator":{"name":"functions"},"function":{"name":"us-central1-api"},"extension":{},"message":"[runtime-status] [16756] Resolved module firebase-functions {\"declared\":true,\"installed\":true,\"version\":\"4.2.1\",\"resolution\":\"C:\\\\Users\\\\jseny\\\\GrandCircusCoding\\\\Final-Project\\\\ShakeEmUp-BackEnd\\\\functions\\\\node_modules\\\\firebase-functions\\\\lib\\\\v1\\\\index.js\"}"}}
[debug] [2023-03-30T00:30:50.250Z] [runtime-status] [16756] Checked functions.config() {"config":{"mongod":{"uri":"mongodb+srv://jsenyko:TreeTop33@cluster0.p9lorz8.mongodb.net/?retryWrites=true&w=majority"}}} {"metadata":{"emulator":{"name":"functions"},"function":{"name":"us-central1-api"},"extension":{},"message":"[runtime-status] [16756] Checked functions.config() {\"config\":{\"mongod\":{\"uri\":\"mongodb+srv://jsenyko:TreeTop33@cluster0.p9lorz8.mongodb.net/?retryWrites=true&w=majority\"}}}"}}
[debug] [2023-03-30T00:30:50.251Z] [runtime-status] [16756] firebase-functions has been stubbed. {"functionsResolution":{"declared":true,"installed":true,"version":"4.2.1","resolution":"C:\\Users\\jseny\\GrandCircusCoding\\Final-Project\\ShakeEmUp-BackEnd\\functions\\node_modules\\firebase-functions\\lib\\v1\\index.js"}} {"metadata":{"emulator":{"name":"functions"},"function":{"name":"us-central1-api"},"extension":{},"message":"[runtime-status] [16756] firebase-functions has been stubbed. {\"functionsResolution\":{\"declared\":true,\"installed\":true,\"version\":\"4.2.1\",\"resolution\":\"C:\\\\Users\\\\jseny\\\\GrandCircusCoding\\\\Final-Project\\\\ShakeEmUp-BackEnd\\\\functions\\\\node_modules\\\\firebase-functions\\\\lib\\\\v1\\\\index.js\"}}"}}
[debug] [2023-03-30T00:30:50.254Z] [runtime-status] [16756] Resolved module firebase-functions {"declared":true,"installed":true,"version":"4.2.1","resolution":"C:\\Users\\jseny\\GrandCircusCoding\\Final-Project\\ShakeEmUp-BackEnd\\functions\\node_modules\\firebase-functions\\lib\\v1\\index.js"} {"metadata":{"emulator":{"name":"functions"},"function":{"name":"us-central1-api"},"extension":{},"message":"[runtime-status] [16756] Resolved module firebase-functions {\"declared\":true,\"installed\":true,\"version\":\"4.2.1\",\"resolution\":\"C:\\\\Users\\\\jseny\\\\GrandCircusCoding\\\\Final-Project\\\\ShakeEmUp-BackEnd\\\\functions\\\\node_modules\\\\firebase-functions\\\\lib\\\\v1\\\\index.js\"}"}}
[debug] [2023-03-30T00:30:50.258Z] [runtime-status] [16756] Resolved module firebase-admin {"declared":true,"installed":true,"version":"11.5.0","resolution":"C:\\Users\\jseny\\GrandCircusCoding\\Final-Project\\ShakeEmUp-BackEnd\\functions\\node_modules\\firebase-admin\\lib\\index.js"} {"metadata":{"emulator":{"name":"functions"},"function":{"name":"us-central1-api"},"extension":{},"message":"[runtime-status] [16756] Resolved module firebase-admin {\"declared\":true,\"installed\":true,\"version\":\"11.5.0\",\"resolution\":\"C:\\\\Users\\\\jseny\\\\GrandCircusCoding\\\\Final-Project\\\\ShakeEmUp-BackEnd\\\\functions\\\\node_modules\\\\firebase-admin\\\\lib\\\\index.js\"}"}}
[debug] [2023-03-30T00:30:50.269Z] [runtime-status] [16756] Resolved module firebase-functions {"declared":true,"installed":true,"version":"4.2.1","resolution":"C:\\Users\\jseny\\GrandCircusCoding\\Final-Project\\ShakeEmUp-BackEnd\\functions\\node_modules\\firebase-functions\\lib\\v1\\index.js"} {"metadata":{"emulator":{"name":"functions"},"function":{"name":"us-central1-api"},"extension":{},"message":"[runtime-status] [16756] Resolved module firebase-functions {\"declared\":true,\"installed\":true,\"version\":\"4.2.1\",\"resolution\":\"C:\\\\Users\\\\jseny\\\\GrandCircusCoding\\\\Final-Project\\\\ShakeEmUp-BackEnd\\\\functions\\\\node_modules\\\\firebase-functions\\\\lib\\\\v1\\\\index.js\"}"}}
[debug] [2023-03-30T00:30:50.269Z] [runtime-status] [16756] firebase-admin has been stubbed. {"adminResolution":{"declared":true,"installed":true,"version":"11.5.0","resolution":"C:\\Users\\jseny\\GrandCircusCoding\\Final-Project\\ShakeEmUp-BackEnd\\functions\\node_modules\\firebase-admin\\lib\\index.js"}} {"metadata":{"emulator":{"name":"functions"},"function":{"name":"us-central1-api"},"extension":{},"message":"[runtime-status] [16756] firebase-admin has been stubbed. {\"adminResolution\":{\"declared\":true,\"installed\":true,\"version\":\"11.5.0\",\"resolution\":\"C:\\\\Users\\\\jseny\\\\GrandCircusCoding\\\\Final-Project\\\\ShakeEmUp-BackEnd\\\\functions\\\\node_modules\\\\firebase-admin\\\\lib\\\\index.js\"}}"}}
[debug] [2023-03-30T00:30:50.636Z] [runtime-status] [16756] Functions runtime initialized. {"cwd":"C:\\Users\\jseny\\GrandCircusCoding\\Final-Project\\ShakeEmUp-BackEnd\\functions","node_version":"18.14.2"} {"metadata":{"emulator":{"name":"functions"},"function":{"name":"us-central1-api"},"extension":{},"message":"[runtime-status] [16756] Functions runtime initialized. {\"cwd\":\"C:\\\\Users\\\\jseny\\\\GrandCircusCoding\\\\Final-Project\\\\ShakeEmUp-BackEnd\\\\functions\",\"node_version\":\"18.14.2\"}"}}
[debug] [2023-03-30T00:30:50.636Z] [runtime-status] [16756] Listening to port: \\?\pipe\fire_emu_d401de6de31ac718 {"metadata":{"emulator":{"name":"functions"},"function":{"name":"us-central1-api"},"extension":{},"message":"[runtime-status] [16756] Listening to port: \\\\?\\pipe\\fire_emu_d401de6de31ac718"}}
[debug] [2023-03-30T00:30:50.686Z] [worker-us-central1-api-a52c1eed-e3ff-47e0-bda0-c03e86968c32]: IDLE {"metadata":{"emulator":{"name":"functions"},"function":{"name":"us-central1-api"},"extension":{},"message":"[worker-us-central1-api-a52c1eed-e3ff-47e0-bda0-c03e86968c32]: IDLE"}}
[debug] [2023-03-30T00:30:50.687Z] [worker-pool] submitRequest(triggerId=us-central1-api) {"metadata":{"emulator":{"name":"functions"},"message":"[worker-pool] submitRequest(triggerId=us-central1-api)"}}
[info] i  functions: Beginning execution of "us-central1-api" {"metadata":{"emulator":{"name":"functions"},"function":{"name":"us-central1-api"},"extension":{},"message":"Beginning execution of \"us-central1-api\""}}
[debug] [2023-03-30T00:30:50.687Z] [worker-us-central1-api-a52c1eed-e3ff-47e0-bda0-c03e86968c32]: BUSY {"metadata":{"emulator":{"name":"functions"},"function":{"name":"us-central1-api"},"extension":{},"message":"[worker-us-central1-api-a52c1eed-e3ff-47e0-bda0-c03e86968c32]: BUSY"}}
[info] i  functions: Finished "us-central1-api" in 953.3204ms {"metadata":{"emulator":{"name":"functions"},"function":{"name":"us-central1-api"},"extension":{},"message":"Finished \"us-central1-api\" in 953.3204ms"}}
[debug] [2023-03-30T00:30:51.642Z] [worker-us-central1-api-a52c1eed-e3ff-47e0-bda0-c03e86968c32]: IDLE {"metadata":{"emulator":{"name":"functions"},"function":{"name":"us-central1-api"},"extension":{},"message":"[worker-us-central1-api-a52c1eed-e3ff-47e0-bda0-c03e86968c32]: IDLE"}}
[debug] [2023-03-30T00:30:51.642Z] [work-queue] {"queuedWork":[],"queueLength":0,"runningWork":[],"workRunningCount":0}
[debug] [2023-03-30T00:30:59.318Z] [work-queue] {"queuedWork":["/shakeemup-c22e5/us-central1/api/userDrinks/6424d77f3cbbb2c5f27cc152-2023-03-30T00:30:59.318Z"],"queueLength":1,"runningWork":[],"workRunningCount":0}
[debug] [2023-03-30T00:30:59.318Z] [work-queue] {"queuedWork":[],"queueLength":0,"runningWork":["/shakeemup-c22e5/us-central1/api/userDrinks/6424d77f3cbbb2c5f27cc152-2023-03-30T00:30:59.318Z"],"workRunningCount":1}
[debug] [2023-03-30T00:30:59.319Z] Accepted request GET /shakeemup-c22e5/us-central1/api/userDrinks/6424d77f3cbbb2c5f27cc152 --> us-central1-api
[debug] [2023-03-30T00:30:59.325Z] [functions] Runtime ready! Sending request! {"metadata":{"emulator":{"name":"functions"},"message":"[functions] Runtime ready! Sending request!"}}
[debug] [2023-03-30T00:30:59.326Z] [functions] Got req.url=/shakeemup-c22e5/us-central1/api/userDrinks/6424d77f3cbbb2c5f27cc152, mapping to path=/userDrinks/6424d77f3cbbb2c5f27cc152 {"metadata":{"emulator":{"name":"functions"},"message":"[functions] Got req.url=/shakeemup-c22e5/us-central1/api/userDrinks/6424d77f3cbbb2c5f27cc152, mapping to path=/userDrinks/6424d77f3cbbb2c5f27cc152"}}
[debug] [2023-03-30T00:30:59.326Z] [worker-pool] submitRequest(triggerId=us-central1-api) {"metadata":{"emulator":{"name":"functions"},"message":"[worker-pool] submitRequest(triggerId=us-central1-api)"}}
[info] i  functions: Beginning execution of "us-central1-api" {"metadata":{"emulator":{"name":"functions"},"function":{"name":"us-central1-api"},"extension":{},"message":"Beginning execution of \"us-central1-api\""}}
[debug] [2023-03-30T00:30:59.326Z] [worker-us-central1-api-a52c1eed-e3ff-47e0-bda0-c03e86968c32]: BUSY {"metadata":{"emulator":{"name":"functions"},"function":{"name":"us-central1-api"},"extension":{},"message":"[worker-us-central1-api-a52c1eed-e3ff-47e0-bda0-c03e86968c32]: BUSY"}}
[info] i  functions: Finished "us-central1-api" in 76.1841ms {"metadata":{"emulator":{"name":"functions"},"function":{"name":"us-central1-api"},"extension":{},"message":"Finished \"us-central1-api\" in 76.1841ms"}}
[debug] [2023-03-30T00:30:59.403Z] [worker-us-central1-api-a52c1eed-e3ff-47e0-bda0-c03e86968c32]: IDLE {"metadata":{"emulator":{"name":"functions"},"function":{"name":"us-central1-api"},"extension":{},"message":"[worker-us-central1-api-a52c1eed-e3ff-47e0-bda0-c03e86968c32]: IDLE"}}
[debug] [2023-03-30T00:30:59.403Z] [work-queue] {"queuedWork":[],"queueLength":0,"runningWork":[],"workRunningCount":0}
[debug] [2023-03-30T00:33:08.832Z] File C:\Users\jseny\GrandCircusCoding\Final-Project\ShakeEmUp-BackEnd\functions\src\routes\UserSubmittedDrinkRoutes.ts changed, reloading triggers {"metadata":{"emulator":{"name":"functions"},"message":"File C:\\Users\\jseny\\GrandCircusCoding\\Final-Project\\ShakeEmUp-BackEnd\\functions\\src\\routes\\UserSubmittedDrinkRoutes.ts changed, reloading triggers"}}
[debug] [2023-03-30T00:33:09.402Z] File C:\Users\jseny\GrandCircusCoding\Final-Project\ShakeEmUp-BackEnd\functions\lib\routes\UserSubmittedDrinkRoutes.js.map changed, reloading triggers {"metadata":{"emulator":{"name":"functions"},"message":"File C:\\Users\\jseny\\GrandCircusCoding\\Final-Project\\ShakeEmUp-BackEnd\\functions\\lib\\routes\\UserSubmittedDrinkRoutes.js.map changed, reloading triggers"}}
[debug] [2023-03-30T00:33:09.404Z] File C:\Users\jseny\GrandCircusCoding\Final-Project\ShakeEmUp-BackEnd\functions\lib\routes\UserSubmittedDrinkRoutes.js changed, reloading triggers {"metadata":{"emulator":{"name":"functions"},"message":"File C:\\Users\\jseny\\GrandCircusCoding\\Final-Project\\ShakeEmUp-BackEnd\\functions\\lib\\routes\\UserSubmittedDrinkRoutes.js changed, reloading triggers"}}
[debug] [2023-03-30T00:33:10.417Z] Validating nodejs source
[debug] [2023-03-30T00:33:12.629Z] > [functions] package.json contents: {
  "name": "functions",
  "scripts": {
    "build": "tsc",
    "build:watch": "tsc --watch",
    "serve": "npm run build && firebase emulators:start --only functions",
    "shell": "npm run build && firebase functions:shell",
    "start": "npm run shell",
    "deploy": "firebase deploy --only functions",
    "logs": "firebase functions:log",
    "serve:dev": "concurrently \"tsc --watch\" \"firebase emulators:start --only functions\""
  },
  "engines": {
    "node": "16"
  },
  "main": "lib/index.js",
  "dependencies": {
    "@types/cors": "^2.8.13",
    "@types/express": "^4.17.17",
    "axios": "^1.3.4",
    "cors": "^2.8.5",
    "express": "^4.18.2",
    "firebase-admin": "^11.5.0",
    "firebase-functions": "^4.2.0",
    "mongodb": "^5.1.0"
  },
  "devDependencies": {
    "concurrently": "^8.0.1",
    "firebase-functions-test": "^3.0.0",
    "typescript": "^4.9.0"
  },
  "private": true
}
[debug] [2023-03-30T00:33:12.629Z] Building nodejs source
[debug] [2023-03-30T00:33:12.629Z] Failed to find version of module node: reached end of search path C:\Users\jseny\GrandCircusCoding\Final-Project\ShakeEmUp-BackEnd\functions\node_modules
[warn] !  functions: Your requested "node" version "16" doesn't match your global version "18". Using node@18 from host. 
[debug] [2023-03-30T00:33:12.630Z] Could not find functions.yaml. Must use http discovery
[debug] [2023-03-30T00:33:12.637Z] Found firebase-functions binary at 'C:\Users\jseny\GrandCircusCoding\Final-Project\ShakeEmUp-BackEnd\functions\node_modules\.bin\firebase-functions'
[debug] [2023-03-30T00:33:13.184Z] Serving at port 8738

[debug] [2023-03-30T00:33:13.769Z] Got response from /__/functions.yaml {"endpoints":{"api":{"platform":"gcfv1","availableMemoryMb":null,"timeoutSeconds":null,"minInstances":null,"maxInstances":null,"ingressSettings":null,"serviceAccountEmail":null,"vpc":null,"httpsTrigger":{},"entryPoint":"api"}},"specVersion":"v1alpha1","requiredAPIs":[]}
[debug] [2023-03-30T00:33:13.778Z] shutdown requested via /__/quitquitquit

[info] +  functions: Loaded functions definitions from source: api. {"metadata":{"emulator":{"name":"functions"},"message":"Loaded functions definitions from source: api."}}
[debug] [2023-03-30T00:33:13.796Z] [worker-pool] Shutting down IDLE worker (us-central1-api) {"metadata":{"emulator":{"name":"functions"},"message":"[worker-pool] Shutting down IDLE worker (us-central1-api)"}}
[debug] [2023-03-30T00:33:13.796Z] [worker-us-central1-api-a52c1eed-e3ff-47e0-bda0-c03e86968c32]: FINISHING {"metadata":{"emulator":{"name":"functions"},"function":{"name":"us-central1-api"},"extension":{},"message":"[worker-us-central1-api-a52c1eed-e3ff-47e0-bda0-c03e86968c32]: FINISHING"}}
[debug] [2023-03-30T00:33:13.811Z] [worker-us-central1-api-a52c1eed-e3ff-47e0-bda0-c03e86968c32]: exited {"metadata":{"emulator":{"name":"functions"},"function":{"name":"us-central1-api"},"extension":{},"message":"[worker-us-central1-api-a52c1eed-e3ff-47e0-bda0-c03e86968c32]: exited"}}
[debug] [2023-03-30T00:33:13.811Z] [worker-us-central1-api-a52c1eed-e3ff-47e0-bda0-c03e86968c32]: FINISHED {"metadata":{"emulator":{"name":"functions"},"function":{"name":"us-central1-api"},"extension":{},"message":"[worker-us-central1-api-a52c1eed-e3ff-47e0-bda0-c03e86968c32]: FINISHED"}}
[debug] [2023-03-30T00:33:17.356Z] [work-queue] {"queuedWork":["/shakeemup-c22e5/us-central1/api/userDrinks/6424d77f3cbbb2c5f27cc152-2023-03-30T00:33:17.356Z"],"queueLength":1,"runningWork":[],"workRunningCount":0}
[debug] [2023-03-30T00:33:17.357Z] [work-queue] {"queuedWork":[],"queueLength":0,"runningWork":["/shakeemup-c22e5/us-central1/api/userDrinks/6424d77f3cbbb2c5f27cc152-2023-03-30T00:33:17.356Z"],"workRunningCount":1}
[debug] [2023-03-30T00:33:17.357Z] Accepted request DELETE /shakeemup-c22e5/us-central1/api/userDrinks/6424d77f3cbbb2c5f27cc152 --> us-central1-api
[debug] [2023-03-30T00:33:17.361Z] [functions] Runtime ready! Sending request! {"metadata":{"emulator":{"name":"functions"},"message":"[functions] Runtime ready! Sending request!"}}
[debug] [2023-03-30T00:33:17.362Z] [functions] Got req.url=/shakeemup-c22e5/us-central1/api/userDrinks/6424d77f3cbbb2c5f27cc152, mapping to path=/userDrinks/6424d77f3cbbb2c5f27cc152 {"metadata":{"emulator":{"name":"functions"},"message":"[functions] Got req.url=/shakeemup-c22e5/us-central1/api/userDrinks/6424d77f3cbbb2c5f27cc152, mapping to path=/userDrinks/6424d77f3cbbb2c5f27cc152"}}
[debug] [2023-03-30T00:33:17.362Z] [worker-pool] Cleaned up workers for us-central1-api: 1 --> 0 {"metadata":{"emulator":{"name":"functions"},"message":"[worker-pool] Cleaned up workers for us-central1-api: 1 --> 0"}}
[debug] [2023-03-30T00:33:17.368Z] [worker-pool] addWorker(us-central1-api) {"metadata":{"emulator":{"name":"functions"},"message":"[worker-pool] addWorker(us-central1-api)"}}
[debug] [2023-03-30T00:33:17.368Z] [worker-pool] Adding worker with key us-central1-api, total=1 {"metadata":{"emulator":{"name":"functions"},"message":"[worker-pool] Adding worker with key us-central1-api, total=1"}}
[debug] [2023-03-30T00:33:19.169Z] [runtime-status] [10104] Resolved module firebase-admin {"declared":true,"installed":true,"version":"11.5.0","resolution":"C:\\Users\\jseny\\GrandCircusCoding\\Final-Project\\ShakeEmUp-BackEnd\\functions\\node_modules\\firebase-admin\\lib\\index.js"} {"metadata":{"emulator":{"name":"functions"},"function":{"name":"us-central1-api"},"extension":{},"message":"[runtime-status] [10104] Resolved module firebase-admin {\"declared\":true,\"installed\":true,\"version\":\"11.5.0\",\"resolution\":\"C:\\\\Users\\\\jseny\\\\GrandCircusCoding\\\\Final-Project\\\\ShakeEmUp-BackEnd\\\\functions\\\\node_modules\\\\firebase-admin\\\\lib\\\\index.js\"}"}}
[debug] [2023-03-30T00:33:19.170Z] [runtime-status] [10104] Resolved module firebase-functions {"declared":true,"installed":true,"version":"4.2.1","resolution":"C:\\Users\\jseny\\GrandCircusCoding\\Final-Project\\ShakeEmUp-BackEnd\\functions\\node_modules\\firebase-functions\\lib\\v1\\index.js"} {"metadata":{"emulator":{"name":"functions"},"function":{"name":"us-central1-api"},"extension":{},"message":"[runtime-status] [10104] Resolved module firebase-functions {\"declared\":true,\"installed\":true,\"version\":\"4.2.1\",\"resolution\":\"C:\\\\Users\\\\jseny\\\\GrandCircusCoding\\\\Final-Project\\\\ShakeEmUp-BackEnd\\\\functions\\\\node_modules\\\\firebase-functions\\\\lib\\\\v1\\\\index.js\"}"}}
[debug] [2023-03-30T00:33:19.171Z] [runtime-status] [10104] Found local functions config: C:\Users\jseny\GrandCircusCoding\Final-Project\ShakeEmUp-BackEnd\functions/.runtimeconfig.json {"metadata":{"emulator":{"name":"functions"},"function":{"name":"us-central1-api"},"extension":{},"message":"[runtime-status] [10104] Found local functions config: C:\\Users\\jseny\\GrandCircusCoding\\Final-Project\\ShakeEmUp-BackEnd\\functions/.runtimeconfig.json"}}
[debug] [2023-03-30T00:33:19.171Z] [runtime-status] [10104] Outgoing network have been stubbed. [{"name":"http","status":"mocked"},{"name":"http","status":"mocked"},{"name":"https","status":"mocked"},{"name":"https","status":"mocked"},{"name":"net","status":"mocked"}] {"metadata":{"emulator":{"name":"functions"},"function":{"name":"us-central1-api"},"extension":{},"message":"[runtime-status] [10104] Outgoing network have been stubbed. [{\"name\":\"http\",\"status\":\"mocked\"},{\"name\":\"http\",\"status\":\"mocked\"},{\"name\":\"https\",\"status\":\"mocked\"},{\"name\":\"https\",\"status\":\"mocked\"},{\"name\":\"net\",\"status\":\"mocked\"}]"}}
[debug] [2023-03-30T00:33:19.172Z] [runtime-status] [10104] Resolved module firebase-functions {"declared":true,"installed":true,"version":"4.2.1","resolution":"C:\\Users\\jseny\\GrandCircusCoding\\Final-Project\\ShakeEmUp-BackEnd\\functions\\node_modules\\firebase-functions\\lib\\v1\\index.js"} {"metadata":{"emulator":{"name":"functions"},"function":{"name":"us-central1-api"},"extension":{},"message":"[runtime-status] [10104] Resolved module firebase-functions {\"declared\":true,\"installed\":true,\"version\":\"4.2.1\",\"resolution\":\"C:\\\\Users\\\\jseny\\\\GrandCircusCoding\\\\Final-Project\\\\ShakeEmUp-BackEnd\\\\functions\\\\node_modules\\\\firebase-functions\\\\lib\\\\v1\\\\index.js\"}"}}
[debug] [2023-03-30T00:33:19.507Z] [runtime-status] [10104] Checked functions.config() {"config":{"mongod":{"uri":"mongodb+srv://jsenyko:TreeTop33@cluster0.p9lorz8.mongodb.net/?retryWrites=true&w=majority"}}} {"metadata":{"emulator":{"name":"functions"},"function":{"name":"us-central1-api"},"extension":{},"message":"[runtime-status] [10104] Checked functions.config() {\"config\":{\"mongod\":{\"uri\":\"mongodb+srv://jsenyko:TreeTop33@cluster0.p9lorz8.mongodb.net/?retryWrites=true&w=majority\"}}}"}}
[debug] [2023-03-30T00:33:19.507Z] [runtime-status] [10104] firebase-functions has been stubbed. {"functionsResolution":{"declared":true,"installed":true,"version":"4.2.1","resolution":"C:\\Users\\jseny\\GrandCircusCoding\\Final-Project\\ShakeEmUp-BackEnd\\functions\\node_modules\\firebase-functions\\lib\\v1\\index.js"}} {"metadata":{"emulator":{"name":"functions"},"function":{"name":"us-central1-api"},"extension":{},"message":"[runtime-status] [10104] firebase-functions has been stubbed. {\"functionsResolution\":{\"declared\":true,\"installed\":true,\"version\":\"4.2.1\",\"resolution\":\"C:\\\\Users\\\\jseny\\\\GrandCircusCoding\\\\Final-Project\\\\ShakeEmUp-BackEnd\\\\functions\\\\node_modules\\\\firebase-functions\\\\lib\\\\v1\\\\index.js\"}}"}}
[debug] [2023-03-30T00:33:19.508Z] [runtime-status] [10104] Resolved module firebase-functions {"declared":true,"installed":true,"version":"4.2.1","resolution":"C:\\Users\\jseny\\GrandCircusCoding\\Final-Project\\ShakeEmUp-BackEnd\\functions\\node_modules\\firebase-functions\\lib\\v1\\index.js"} {"metadata":{"emulator":{"name":"functions"},"function":{"name":"us-central1-api"},"extension":{},"message":"[runtime-status] [10104] Resolved module firebase-functions {\"declared\":true,\"installed\":true,\"version\":\"4.2.1\",\"resolution\":\"C:\\\\Users\\\\jseny\\\\GrandCircusCoding\\\\Final-Project\\\\ShakeEmUp-BackEnd\\\\functions\\\\node_modules\\\\firebase-functions\\\\lib\\\\v1\\\\index.js\"}"}}
[debug] [2023-03-30T00:33:19.511Z] [runtime-status] [10104] Resolved module firebase-admin {"declared":true,"installed":true,"version":"11.5.0","resolution":"C:\\Users\\jseny\\GrandCircusCoding\\Final-Project\\ShakeEmUp-BackEnd\\functions\\node_modules\\firebase-admin\\lib\\index.js"} {"metadata":{"emulator":{"name":"functions"},"function":{"name":"us-central1-api"},"extension":{},"message":"[runtime-status] [10104] Resolved module firebase-admin {\"declared\":true,\"installed\":true,\"version\":\"11.5.0\",\"resolution\":\"C:\\\\Users\\\\jseny\\\\GrandCircusCoding\\\\Final-Project\\\\ShakeEmUp-BackEnd\\\\functions\\\\node_modules\\\\firebase-admin\\\\lib\\\\index.js\"}"}}
[debug] [2023-03-30T00:33:19.517Z] [runtime-status] [10104] Resolved module firebase-functions {"declared":true,"installed":true,"version":"4.2.1","resolution":"C:\\Users\\jseny\\GrandCircusCoding\\Final-Project\\ShakeEmUp-BackEnd\\functions\\node_modules\\firebase-functions\\lib\\v1\\index.js"} {"metadata":{"emulator":{"name":"functions"},"function":{"name":"us-central1-api"},"extension":{},"message":"[runtime-status] [10104] Resolved module firebase-functions {\"declared\":true,\"installed\":true,\"version\":\"4.2.1\",\"resolution\":\"C:\\\\Users\\\\jseny\\\\GrandCircusCoding\\\\Final-Project\\\\ShakeEmUp-BackEnd\\\\functions\\\\node_modules\\\\firebase-functions\\\\lib\\\\v1\\\\index.js\"}"}}
[debug] [2023-03-30T00:33:19.517Z] [runtime-status] [10104] firebase-admin has been stubbed. {"adminResolution":{"declared":true,"installed":true,"version":"11.5.0","resolution":"C:\\Users\\jseny\\GrandCircusCoding\\Final-Project\\ShakeEmUp-BackEnd\\functions\\node_modules\\firebase-admin\\lib\\index.js"}} {"metadata":{"emulator":{"name":"functions"},"function":{"name":"us-central1-api"},"extension":{},"message":"[runtime-status] [10104] firebase-admin has been stubbed. {\"adminResolution\":{\"declared\":true,\"installed\":true,\"version\":\"11.5.0\",\"resolution\":\"C:\\\\Users\\\\jseny\\\\GrandCircusCoding\\\\Final-Project\\\\ShakeEmUp-BackEnd\\\\functions\\\\node_modules\\\\firebase-admin\\\\lib\\\\index.js\"}}"}}
[debug] [2023-03-30T00:33:19.840Z] [runtime-status] [10104] Functions runtime initialized. {"cwd":"C:\\Users\\jseny\\GrandCircusCoding\\Final-Project\\ShakeEmUp-BackEnd\\functions","node_version":"18.14.2"} {"metadata":{"emulator":{"name":"functions"},"function":{"name":"us-central1-api"},"extension":{},"message":"[runtime-status] [10104] Functions runtime initialized. {\"cwd\":\"C:\\\\Users\\\\jseny\\\\GrandCircusCoding\\\\Final-Project\\\\ShakeEmUp-BackEnd\\\\functions\",\"node_version\":\"18.14.2\"}"}}
[debug] [2023-03-30T00:33:19.840Z] [runtime-status] [10104] Listening to port: \\?\pipe\fire_emu_4f2f330473cb33c8 {"metadata":{"emulator":{"name":"functions"},"function":{"name":"us-central1-api"},"extension":{},"message":"[runtime-status] [10104] Listening to port: \\\\?\\pipe\\fire_emu_4f2f330473cb33c8"}}
[debug] [2023-03-30T00:33:19.874Z] [worker-us-central1-api-fcc68fb0-7419-4f1e-b1f1-53d86590e0bc]: IDLE {"metadata":{"emulator":{"name":"functions"},"function":{"name":"us-central1-api"},"extension":{},"message":"[worker-us-central1-api-fcc68fb0-7419-4f1e-b1f1-53d86590e0bc]: IDLE"}}
[debug] [2023-03-30T00:33:19.874Z] [worker-pool] submitRequest(triggerId=us-central1-api) {"metadata":{"emulator":{"name":"functions"},"message":"[worker-pool] submitRequest(triggerId=us-central1-api)"}}
[info] i  functions: Beginning execution of "us-central1-api" {"metadata":{"emulator":{"name":"functions"},"function":{"name":"us-central1-api"},"extension":{},"message":"Beginning execution of \"us-central1-api\""}}
[debug] [2023-03-30T00:33:19.874Z] [worker-us-central1-api-fcc68fb0-7419-4f1e-b1f1-53d86590e0bc]: BUSY {"metadata":{"emulator":{"name":"functions"},"function":{"name":"us-central1-api"},"extension":{},"message":"[worker-us-central1-api-fcc68fb0-7419-4f1e-b1f1-53d86590e0bc]: BUSY"}}
[info] i  functions: Finished "us-central1-api" in 838.094ms {"metadata":{"emulator":{"name":"functions"},"function":{"name":"us-central1-api"},"extension":{},"message":"Finished \"us-central1-api\" in 838.094ms"}}
[debug] [2023-03-30T00:33:20.713Z] [worker-us-central1-api-fcc68fb0-7419-4f1e-b1f1-53d86590e0bc]: IDLE {"metadata":{"emulator":{"name":"functions"},"function":{"name":"us-central1-api"},"extension":{},"message":"[worker-us-central1-api-fcc68fb0-7419-4f1e-b1f1-53d86590e0bc]: IDLE"}}
[debug] [2023-03-30T00:33:20.713Z] [work-queue] {"queuedWork":[],"queueLength":0,"runningWork":[],"workRunningCount":0}
[debug] [2023-03-30T00:33:31.620Z] [work-queue] {"queuedWork":["/shakeemup-c22e5/us-central1/api/userDrinks/-2023-03-30T00:33:31.620Z"],"queueLength":1,"runningWork":[],"workRunningCount":0}
[debug] [2023-03-30T00:33:31.620Z] [work-queue] {"queuedWork":[],"queueLength":0,"runningWork":["/shakeemup-c22e5/us-central1/api/userDrinks/-2023-03-30T00:33:31.620Z"],"workRunningCount":1}
[debug] [2023-03-30T00:33:31.620Z] Accepted request GET /shakeemup-c22e5/us-central1/api/userDrinks/ --> us-central1-api
[debug] [2023-03-30T00:33:31.629Z] [functions] Runtime ready! Sending request! {"metadata":{"emulator":{"name":"functions"},"message":"[functions] Runtime ready! Sending request!"}}
[debug] [2023-03-30T00:33:31.629Z] [functions] Got req.url=/shakeemup-c22e5/us-central1/api/userDrinks/, mapping to path=/userDrinks/ {"metadata":{"emulator":{"name":"functions"},"message":"[functions] Got req.url=/shakeemup-c22e5/us-central1/api/userDrinks/, mapping to path=/userDrinks/"}}
[debug] [2023-03-30T00:33:31.630Z] [worker-pool] submitRequest(triggerId=us-central1-api) {"metadata":{"emulator":{"name":"functions"},"message":"[worker-pool] submitRequest(triggerId=us-central1-api)"}}
[info] i  functions: Beginning execution of "us-central1-api" {"metadata":{"emulator":{"name":"functions"},"function":{"name":"us-central1-api"},"extension":{},"message":"Beginning execution of \"us-central1-api\""}}
[debug] [2023-03-30T00:33:31.630Z] [worker-us-central1-api-fcc68fb0-7419-4f1e-b1f1-53d86590e0bc]: BUSY {"metadata":{"emulator":{"name":"functions"},"function":{"name":"us-central1-api"},"extension":{},"message":"[worker-us-central1-api-fcc68fb0-7419-4f1e-b1f1-53d86590e0bc]: BUSY"}}
[info] i  functions: Finished "us-central1-api" in 53.6338ms {"metadata":{"emulator":{"name":"functions"},"function":{"name":"us-central1-api"},"extension":{},"message":"Finished \"us-central1-api\" in 53.6338ms"}}
[debug] [2023-03-30T00:33:31.684Z] [worker-us-central1-api-fcc68fb0-7419-4f1e-b1f1-53d86590e0bc]: IDLE {"metadata":{"emulator":{"name":"functions"},"function":{"name":"us-central1-api"},"extension":{},"message":"[worker-us-central1-api-fcc68fb0-7419-4f1e-b1f1-53d86590e0bc]: IDLE"}}
[debug] [2023-03-30T00:33:31.685Z] [work-queue] {"queuedWork":[],"queueLength":0,"runningWork":[],"workRunningCount":0}
